<?xml version="1.0" encoding="UTF-8"?>
<!-- Generated by org.testng.reporters.JUnitReportReporter -->
<testsuite skipped="0" hostname="LT062371" name="seleniumpractise2.Flipkart" tests="1" failures="0" timestamp="25 Oct 2019 05:39:04 GMT" time="141.912" errors="0">
  <testcase name="flipkart" time="141.912" classname="seleniumpractise2.Flipkart"/>
</testsuite> <!-- seleniumpractise2.Flipkart -->
