<?xml version="1.0" encoding="UTF-8"?>
<!-- Generated by org.testng.reporters.JUnitReportReporter -->
<testsuite skipped="0" hostname="LT062371" name="seleniumpractise2.Snapdeal" tests="1" failures="0" timestamp="1 Nov 2019 11:27:03 GMT" time="84.351" errors="0">
  <testcase name="snapdeal" time="84.351" classname="seleniumpractise2.Snapdeal"/>
</testsuite> <!-- seleniumpractise2.Snapdeal -->
